  Bots_mp.cpp
  cstring.cpp
  Functions.cpp
  GameScriptFunctions.cpp
  g_hudelem.cpp
  g_scr_mp.cpp
  Handle.cpp
  handleFunctions.cpp
  Keyboard.cpp
  Memory.cpp
  Menu.cpp
  pFunctions.cpp
  pMenu.cpp
  prx.cpp
  q_math.cpp
  Sockets.cpp
  stdio.cpp
  stdlib.cpp
  String.cpp
  Vector.cpp
  AtlanticMW2.vcxproj -> C:\Users\EternalModz\Desktop\Development & Modding\PS3\MW2\Atlantic SPRX\Atlantic Based On Zircon\3-20-24 - Final Version\PS3_Debug\AtlanticMW2.sprx
  Performing Custom Build Step
  The system cannot find the path specified.
  The system cannot find the path specified.
  'WinSCP.com' is not recognized as an internal or external command,
  operable program or batch file.
