c:\users\eternalmodz\desktop\development\ps3\mw2\atlantic sprx\2-11-24\ps3_debug\cellprx_atlanticmw2_stub.a
c:\users\eternalmodz\desktop\development & modding\ps3\mw2\atlantic sprx\atlantic based on zircon\3-20-24 - final version\ps3_debug\cellprx_atlanticmw2_stub.a
c:\users\eternalmodz\desktop\development & modding\ps3\mw2\atlantic sprx\atlantic based on zircon\3-20-24 - final version\atlanticmw2\tmpoutput
c:\users\eternalmodz\desktop\development\ps3\mw2\atlantic sprx\2-11-24\atlanticmw2\tmpoutput
c:\users\eternalmodz\desktop\development\ps3\mw2\atlantic sprx\2-11-24\ps3_debug\atlanticmw2.sprx
c:\users\eternalmodz\desktop\development & modding\ps3\mw2\atlantic sprx\atlantic based on zircon\3-20-24 - final version\ps3_debug\atlanticmw2.sprx
c:\users\eterna~1\appdata\local\temp\ps3ppuld120322\lib.ent.o
c:\users\eterna~1\appdata\local\temp\ps3ppuld211722\lib.ent.o
c:\users\eterna~1\appdata\local\temp\ps3ppuld264802\lib.ent.o
c:\users\eterna~1\appdata\local\temp\ps3ppuld249682\lib.ent.o
c:\users\eterna~1\appdata\local\temp\ps3ppuld288642\lib.ent.o
c:\users\eterna~1\appdata\local\temp\ps3ppuld96722\lib.ent.o
c:\users\eterna~1\appdata\local\temp\ps3ppuld170922\lib.ent.o
c:\users\eterna~1\appdata\local\temp\ps3ppuld279162\lib.ent.o
c:\users\eterna~1\appdata\local\temp\ps3ppuld305122\lib.ent.o
c:\users\eterna~1\appdata\local\temp\ps3ppuld344602\lib.ent.o
c:\users\eterna~1\appdata\local\temp\ps3ppuld349882\lib.ent.o
c:\users\eterna~1\appdata\local\temp\ps3ppuld168042\lib.ent.o
c:\users\eterna~1\appdata\local\temp\ps3ppuld313562\lib.ent.o
c:\users\eterna~1\appdata\local\temp\ps3ppuld56402\lib.ent.o
c:\users\eterna~1\appdata\local\temp\ps3ppuld38842\lib.ent.o
c:\users\eterna~1\appdata\local\temp\ps3ppuld208042\lib.ent.o
c:\users\eterna~1\appdata\local\temp\ps3ppuld336722\lib.ent.o
c:\users\eterna~1\appdata\local\temp\ps3ppuld357602\lib.ent.o
c:\users\eterna~1\appdata\local\temp\ps3ppuld285562\lib.ent.o
c:\users\eterna~1\appdata\local\temp\ps3ppuld295762\lib.ent.o
c:\users\eterna~1\appdata\local\temp\ps3ppuld314122\lib.ent.o
c:\users\eterna~1\appdata\local\temp\ps3ppuld307162\lib.ent.o
c:\users\eterna~1\appdata\local\temp\ps3ppuld2682\lib.ent.o
c:\users\eterna~1\appdata\local\temp\ps3ppuld178002\lib.ent.o
c:\users\eterna~1\appdata\local\temp\ps3ppuld155962\lib.ent.o
c:\users\eterna~1\appdata\local\temp\ps3ppuld317882\lib.ent.o
c:\users\eterna~1\appdata\local\temp\ps3ppuld211042\lib.ent.o
c:\users\eterna~1\appdata\local\temp\ps3ppuld270082\lib.ent.o
c:\users\eterna~1\appdata\local\temp\ps3ppuld328442\lib.ent.o
c:\users\eterna~1\appdata\local\temp\ps3ppuld10082\lib.ent.o
c:\users\eterna~1\appdata\local\temp\ps3ppuld155522\lib.ent.o
c:\users\eterna~1\appdata\local\temp\ps3ppuld364282\lib.ent.o
c:\users\eterna~1\appdata\local\temp\ps3ppuld120322\atlanticmw2
c:\users\eterna~1\appdata\local\temp\ps3ppuld211722\atlanticmw2
c:\users\eterna~1\appdata\local\temp\ps3ppuld264802\atlanticmw2
c:\users\eterna~1\appdata\local\temp\ps3ppuld249682\atlanticmw2
c:\users\eterna~1\appdata\local\temp\ps3ppuld288642\atlanticmw2
c:\users\eterna~1\appdata\local\temp\ps3ppuld96722\atlanticmw2
c:\users\eterna~1\appdata\local\temp\ps3ppuld170922\atlanticmw2
c:\users\eterna~1\appdata\local\temp\ps3ppuld279162\atlanticmw2
c:\users\eterna~1\appdata\local\temp\ps3ppuld305122\atlanticmw2
c:\users\eterna~1\appdata\local\temp\ps3ppuld344602\atlanticmw2
c:\users\eterna~1\appdata\local\temp\ps3ppuld349882\atlanticmw2
c:\users\eterna~1\appdata\local\temp\ps3ppuld168042\atlanticmw2
c:\users\eterna~1\appdata\local\temp\ps3ppuld313562\atlanticmw2
c:\users\eterna~1\appdata\local\temp\ps3ppuld56402\atlanticmw2
c:\users\eterna~1\appdata\local\temp\ps3ppuld38842\atlanticmw2
c:\users\eterna~1\appdata\local\temp\ps3ppuld208042\atlanticmw2
c:\users\eterna~1\appdata\local\temp\ps3ppuld336722\atlanticmw2
c:\users\eterna~1\appdata\local\temp\ps3ppuld357602\atlanticmw2
c:\users\eterna~1\appdata\local\temp\ps3ppuld285562\atlanticmw2
c:\users\eterna~1\appdata\local\temp\ps3ppuld295762\atlanticmw2
c:\users\eterna~1\appdata\local\temp\ps3ppuld314122\atlanticmw2
c:\users\eterna~1\appdata\local\temp\ps3ppuld307162\atlanticmw2
c:\users\eterna~1\appdata\local\temp\ps3ppuld2682\atlanticmw2
c:\users\eterna~1\appdata\local\temp\ps3ppuld155962\atlanticmw2
c:\users\eterna~1\appdata\local\temp\ps3ppuld270082\atlanticmw2
c:\users\eterna~1\appdata\local\temp\ps3ppuld328442\atlanticmw2
c:\users\eterna~1\appdata\local\temp\ps3ppuld10082\atlanticmw2
c:\users\eterna~1\appdata\local\temp\ps3ppuld155522\atlanticmw2
c:\users\eterna~1\appdata\local\temp\ps3ppuld364282\atlanticmw2
c:\users\eterna~1\appdata\local\temp\ps3ppuld120322\lib.ent.s
c:\users\eterna~1\appdata\local\temp\ps3ppuld211722\lib.ent.s
c:\users\eterna~1\appdata\local\temp\ps3ppuld264802\lib.ent.s
c:\users\eterna~1\appdata\local\temp\ps3ppuld249682\lib.ent.s
c:\users\eterna~1\appdata\local\temp\ps3ppuld288642\lib.ent.s
c:\users\eterna~1\appdata\local\temp\ps3ppuld96722\lib.ent.s
c:\users\eterna~1\appdata\local\temp\ps3ppuld170922\lib.ent.s
c:\users\eterna~1\appdata\local\temp\ps3ppuld279162\lib.ent.s
c:\users\eterna~1\appdata\local\temp\ps3ppuld305122\lib.ent.s
c:\users\eterna~1\appdata\local\temp\ps3ppuld344602\lib.ent.s
c:\users\eterna~1\appdata\local\temp\ps3ppuld349882\lib.ent.s
c:\users\eterna~1\appdata\local\temp\ps3ppuld168042\lib.ent.s
c:\users\eterna~1\appdata\local\temp\ps3ppuld313562\lib.ent.s
c:\users\eterna~1\appdata\local\temp\ps3ppuld56402\lib.ent.s
c:\users\eterna~1\appdata\local\temp\ps3ppuld38842\lib.ent.s
c:\users\eterna~1\appdata\local\temp\ps3ppuld208042\lib.ent.s
c:\users\eterna~1\appdata\local\temp\ps3ppuld336722\lib.ent.s
c:\users\eterna~1\appdata\local\temp\ps3ppuld357602\lib.ent.s
c:\users\eterna~1\appdata\local\temp\ps3ppuld285562\lib.ent.s
c:\users\eterna~1\appdata\local\temp\ps3ppuld295762\lib.ent.s
c:\users\eterna~1\appdata\local\temp\ps3ppuld314122\lib.ent.s
c:\users\eterna~1\appdata\local\temp\ps3ppuld307162\lib.ent.s
c:\users\eterna~1\appdata\local\temp\ps3ppuld2682\lib.ent.s
c:\users\eterna~1\appdata\local\temp\ps3ppuld178002\lib.ent.s
c:\users\eterna~1\appdata\local\temp\ps3ppuld155962\lib.ent.s
c:\users\eterna~1\appdata\local\temp\ps3ppuld317882\lib.ent.s
c:\users\eterna~1\appdata\local\temp\ps3ppuld211042\lib.ent.s
c:\users\eterna~1\appdata\local\temp\ps3ppuld270082\lib.ent.s
c:\users\eterna~1\appdata\local\temp\ps3ppuld328442\lib.ent.s
c:\users\eterna~1\appdata\local\temp\ps3ppuld10082\lib.ent.s
c:\users\eterna~1\appdata\local\temp\ps3ppuld155522\lib.ent.s
c:\users\eterna~1\appdata\local\temp\ps3ppuld364282\lib.ent.s
c:\users\eternalmodz\desktop\development\ps3\mw2\atlantic sprx\2-11-24\atlanticmw2\ps3_debug\bots_mp.o
c:\users\eternalmodz\desktop\development\ps3\mw2\atlantic sprx\2-11-24\atlanticmw2\ps3_debug\functions.o
c:\users\eternalmodz\desktop\development\ps3\mw2\atlantic sprx\2-11-24\atlanticmw2\ps3_debug\gamescriptfunctions.o
c:\users\eternalmodz\desktop\development\ps3\mw2\atlantic sprx\2-11-24\atlanticmw2\ps3_debug\handle.o
c:\users\eternalmodz\desktop\development\ps3\mw2\atlantic sprx\2-11-24\atlanticmw2\ps3_debug\keyboard.o
c:\users\eternalmodz\desktop\development\ps3\mw2\atlantic sprx\2-11-24\atlanticmw2\ps3_debug\memory.o
c:\users\eternalmodz\desktop\development\ps3\mw2\atlantic sprx\2-11-24\atlanticmw2\ps3_debug\sockets.o
c:\users\eternalmodz\desktop\development\ps3\mw2\atlantic sprx\2-11-24\atlanticmw2\ps3_debug\string.o
c:\users\eternalmodz\desktop\development\ps3\mw2\atlantic sprx\2-11-24\atlanticmw2\ps3_debug\vector.o
c:\users\eternalmodz\desktop\development\ps3\mw2\atlantic sprx\2-11-24\atlanticmw2\ps3_debug\cstring.o
c:\users\eternalmodz\desktop\development\ps3\mw2\atlantic sprx\2-11-24\atlanticmw2\ps3_debug\g_hudelem.o
c:\users\eternalmodz\desktop\development\ps3\mw2\atlantic sprx\2-11-24\atlanticmw2\ps3_debug\g_scr_mp.o
c:\users\eternalmodz\desktop\development\ps3\mw2\atlantic sprx\2-11-24\atlanticmw2\ps3_debug\handlefunctions.o
c:\users\eternalmodz\desktop\development\ps3\mw2\atlantic sprx\2-11-24\atlanticmw2\ps3_debug\pfunctions.o
c:\users\eternalmodz\desktop\development\ps3\mw2\atlantic sprx\2-11-24\atlanticmw2\ps3_debug\pmenu.o
c:\users\eternalmodz\desktop\development\ps3\mw2\atlantic sprx\2-11-24\atlanticmw2\ps3_debug\q_math.o
c:\users\eternalmodz\desktop\development\ps3\mw2\atlantic sprx\2-11-24\atlanticmw2\ps3_debug\stdio.o
c:\users\eternalmodz\desktop\development\ps3\mw2\atlantic sprx\2-11-24\atlanticmw2\ps3_debug\stdlib.o
c:\users\eternalmodz\desktop\development\ps3\mw2\atlantic sprx\2-11-24\atlanticmw2\ps3_debug\prx.o
c:\users\eternalmodz\desktop\development\ps3\mw2\atlantic sprx\2-11-24\atlanticmw2\ps3_debug\menu.o
c:\users\eternalmodz\desktop\development & modding\ps3\mw2\atlantic sprx\atlantic based on zircon\3-20-24 - final version\atlanticmw2\ps3_debug\bots_mp.o
c:\users\eternalmodz\desktop\development & modding\ps3\mw2\atlantic sprx\atlantic based on zircon\3-20-24 - final version\atlanticmw2\ps3_debug\cstring.o
c:\users\eternalmodz\desktop\development & modding\ps3\mw2\atlantic sprx\atlantic based on zircon\3-20-24 - final version\atlanticmw2\ps3_debug\functions.o
c:\users\eternalmodz\desktop\development & modding\ps3\mw2\atlantic sprx\atlantic based on zircon\3-20-24 - final version\atlanticmw2\ps3_debug\gamescriptfunctions.o
c:\users\eternalmodz\desktop\development & modding\ps3\mw2\atlantic sprx\atlantic based on zircon\3-20-24 - final version\atlanticmw2\ps3_debug\g_hudelem.o
c:\users\eternalmodz\desktop\development & modding\ps3\mw2\atlantic sprx\atlantic based on zircon\3-20-24 - final version\atlanticmw2\ps3_debug\g_scr_mp.o
c:\users\eternalmodz\desktop\development & modding\ps3\mw2\atlantic sprx\atlantic based on zircon\3-20-24 - final version\atlanticmw2\ps3_debug\handle.o
c:\users\eternalmodz\desktop\development & modding\ps3\mw2\atlantic sprx\atlantic based on zircon\3-20-24 - final version\atlanticmw2\ps3_debug\handlefunctions.o
c:\users\eternalmodz\desktop\development & modding\ps3\mw2\atlantic sprx\atlantic based on zircon\3-20-24 - final version\atlanticmw2\ps3_debug\keyboard.o
c:\users\eternalmodz\desktop\development & modding\ps3\mw2\atlantic sprx\atlantic based on zircon\3-20-24 - final version\atlanticmw2\ps3_debug\memory.o
c:\users\eternalmodz\desktop\development & modding\ps3\mw2\atlantic sprx\atlantic based on zircon\3-20-24 - final version\atlanticmw2\ps3_debug\menu.o
c:\users\eternalmodz\desktop\development & modding\ps3\mw2\atlantic sprx\atlantic based on zircon\3-20-24 - final version\atlanticmw2\ps3_debug\pfunctions.o
c:\users\eternalmodz\desktop\development & modding\ps3\mw2\atlantic sprx\atlantic based on zircon\3-20-24 - final version\atlanticmw2\ps3_debug\pmenu.o
c:\users\eternalmodz\desktop\development & modding\ps3\mw2\atlantic sprx\atlantic based on zircon\3-20-24 - final version\atlanticmw2\ps3_debug\prx.o
c:\users\eternalmodz\desktop\development & modding\ps3\mw2\atlantic sprx\atlantic based on zircon\3-20-24 - final version\atlanticmw2\ps3_debug\q_math.o
c:\users\eternalmodz\desktop\development & modding\ps3\mw2\atlantic sprx\atlantic based on zircon\3-20-24 - final version\atlanticmw2\ps3_debug\sockets.o
c:\users\eternalmodz\desktop\development & modding\ps3\mw2\atlantic sprx\atlantic based on zircon\3-20-24 - final version\atlanticmw2\ps3_debug\stdio.o
c:\users\eternalmodz\desktop\development & modding\ps3\mw2\atlantic sprx\atlantic based on zircon\3-20-24 - final version\atlanticmw2\ps3_debug\stdlib.o
c:\users\eternalmodz\desktop\development & modding\ps3\mw2\atlantic sprx\atlantic based on zircon\3-20-24 - final version\atlanticmw2\ps3_debug\string.o
c:\users\eternalmodz\desktop\development & modding\ps3\mw2\atlantic sprx\atlantic based on zircon\3-20-24 - final version\atlanticmw2\ps3_debug\vector.o
c:\users\eternalmodz\desktop\development & modding\ps3\mw2\atlantic sprx\atlantic based on zircon\3-20-24 - final version\atlanticmw2\ps3_debug\atlanticmw2.write.1.tlog
c:\users\eternalmodz\desktop\development & modding\ps3\mw2\atlantic sprx\atlantic based on zircon\3-20-24 - final version\atlanticmw2\ps3_debug\atlanticmw2.tlog\atlanticmw2.write.1u.tlog
c:\users\eternalmodz\desktop\development & modding\ps3\mw2\atlantic sprx\atlantic based on zircon\3-20-24 - final version\atlanticmw2\ps3_debug\atlanticmw2.tlog\custombuildstep.read.1u.tlog
c:\users\eternalmodz\desktop\development & modding\ps3\mw2\atlantic sprx\atlantic based on zircon\3-20-24 - final version\atlanticmw2\ps3_debug\atlanticmw2.tlog\custombuildstep.write.1u.tlog
c:\users\eternalmodz\desktop\development & modding\ps3\mw2\atlantic sprx\atlantic based on zircon\3-20-24 - final version\atlanticmw2\ps3_debug\atlanticmw2.tlog\ps3ppuld64-make_fself.read.1.tlog
c:\users\eternalmodz\desktop\development & modding\ps3\mw2\atlantic sprx\atlantic based on zircon\3-20-24 - final version\atlanticmw2\ps3_debug\atlanticmw2.tlog\ps3ppuld64-make_fself.write.1.tlog
c:\users\eternalmodz\desktop\development & modding\ps3\mw2\atlantic sprx\atlantic based on zircon\3-20-24 - final version\atlanticmw2\ps3_debug\atlanticmw2.tlog\ps3ppuld64-ppu-lv2-as.read.1.tlog
c:\users\eternalmodz\desktop\development & modding\ps3\mw2\atlantic sprx\atlantic based on zircon\3-20-24 - final version\atlanticmw2\ps3_debug\atlanticmw2.tlog\ps3ppuld64-ppu-lv2-as.write.1.tlog
c:\users\eternalmodz\desktop\development & modding\ps3\mw2\atlantic sprx\atlantic based on zircon\3-20-24 - final version\atlanticmw2\ps3_debug\atlanticmw2.tlog\ps3ppuld64-ppu-lv2-prx-fixup.read.1.tlog
c:\users\eternalmodz\desktop\development & modding\ps3\mw2\atlantic sprx\atlantic based on zircon\3-20-24 - final version\atlanticmw2\ps3_debug\atlanticmw2.tlog\ps3ppuld64-ppu-lv2-prx-fixup.write.1.tlog
c:\users\eternalmodz\desktop\development & modding\ps3\mw2\atlantic sprx\atlantic based on zircon\3-20-24 - final version\atlanticmw2\ps3_debug\atlanticmw2.tlog\ps3ppuld64-ppu-lv2-prx-libgen.read.1.tlog
c:\users\eternalmodz\desktop\development & modding\ps3\mw2\atlantic sprx\atlantic based on zircon\3-20-24 - final version\atlanticmw2\ps3_debug\atlanticmw2.tlog\ps3ppuld64-ppu-lv2-prx-libgen.write.1.tlog
c:\users\eternalmodz\desktop\development & modding\ps3\mw2\atlantic sprx\atlantic based on zircon\3-20-24 - final version\atlanticmw2\ps3_debug\atlanticmw2.tlog\ps3ppuld64.command.1.tlog
c:\users\eternalmodz\desktop\development & modding\ps3\mw2\atlantic sprx\atlantic based on zircon\3-20-24 - final version\atlanticmw2\ps3_debug\atlanticmw2.tlog\ps3ppuld64.read.1.tlog
c:\users\eternalmodz\desktop\development & modding\ps3\mw2\atlantic sprx\atlantic based on zircon\3-20-24 - final version\atlanticmw2\ps3_debug\atlanticmw2.tlog\ps3ppuld64.write.1.tlog
c:\users\eternalmodz\desktop\development & modding\ps3\mw2\atlantic sprx\atlantic based on zircon\3-20-24 - final version\atlanticmw2\ps3_debug\atlanticmw2.tlog\ps3ppusnc.command.1.tlog
c:\users\eternalmodz\desktop\development & modding\ps3\mw2\atlantic sprx\atlantic based on zircon\3-20-24 - final version\atlanticmw2\ps3_debug\atlanticmw2.tlog\ps3ppusnc.read.1.tlog
c:\users\eternalmodz\desktop\development & modding\ps3\mw2\atlantic sprx\atlantic based on zircon\3-20-24 - final version\atlanticmw2\ps3_debug\atlanticmw2.tlog\ps3ppusnc.write.1.tlog
